20240909	23:45:22	4430bae0-3a41-47d2-afc2-9e39e757df81	GET	/courses/create	undefined
20240909	23:45:41	02ee17b8-4f29-42f6-b542-11a38df04ecd	GET	/	undefined
20240909	23:45:41	9d9b4e92-05c0-4c31-8874-b823b7569bd8	GET	/favicon.ico	undefined
20240909	23:45:45	d70e734d-65ee-49f6-84b0-2b46ee92d9eb	GET	/	undefined
20240909	23:47:45	fa2713aa-243f-446b-9cce-0befbfe493bb	GET	/	undefined
20240909	23:47:45	3b649b3d-4838-4a1c-804e-54fea1c7568c	GET	/css/style.css	undefined
20240909	23:48:18	af0ddc64-b034-4cdd-b8ca-992394932099	GET	/se	undefined
20240909	23:49:16	6f5dadb8-8920-4848-bed0-12e09dd67aee	GET	/se	undefined
20240909	23:49:16	705fd81b-7f07-4468-8baf-c4cf85b2c892	GET	/css/style.css	undefined

20240925	21:56:57	38f43595-9d15-4cef-8ee4-6885a9f25b5e	GET	/Lecture	undefined
20240925	21:58:03	653af5f7-47b4-4547-8593-f3bb8b9203e0	POST	/auth	undefined
20240925	21:58:33	0585d31e-bb6a-4261-b1a9-51724103b573	GET	/Lecture	undefined
20240925	21:59:40	c891f251-8da8-4d76-b898-b01be1d8c270	GET	/Lecture	undefined
20240925	21:59:42	6f5d840d-0a38-44eb-af3c-d57a6799d3c8	GET	/Lecture	undefined
20240925	21:59:44	98391ce1-eb69-4be3-9b39-94e0e5671db2	GET	/Lecture	undefined
20240925	22:00:39	1cdfc849-6258-4799-9c70-52ca77d9afb5	POST	/auth	undefined
20240925	22:00:59	5eb787e4-cc62-4582-89cb-c139f1b519dc	GET	/Lecture	undefined
20240925	22:01:31	81cd39da-562f-4aa1-a5fa-292d9b10903a	GET	/Lecture	undefined
20240925	22:02:20	4ef476c3-d016-4c53-a4a9-14de4e961ecc	GET	/Lecture	undefined
20240925	22:03:14	37dbd6bd-a97a-4fe1-8266-a628696ba3f6	GET	/Lecture	undefined
20240925	22:03:30	26942a9b-5ad3-461b-a650-893535a49edd	GET	/Lecture	undefined
20240925	22:09:39	5c878eec-0747-4315-9085-baee13a31753	GET	/Lecture	undefined
20240925	22:09:57	44531f86-68eb-4561-a69b-0229c6379dae	GET	/Lecture	undefined
20240925	22:10:08	86f641a3-b5e8-4c5b-bceb-53fe286ac75c	GET	/Lecture	undefined
20240925	22:11:20	e5065e0b-4987-4cc4-a61e-406a6442c2f0	GET	/Lecture	undefined
20240925	22:14:06	d61aa73b-02d9-4cba-993e-919f9c84d5d3	GET	/Lecture	undefined
